
Jan 06, 2023 18:47:34.52 NEW SESSION
Jan 06, 2023 18:47:34.52 [10124:5280:0106/184734.048:ERROR:device_event_log_impl.cc(215)] [18:47:34.049] USB: usb_device_handle_win.cc:1045 Failed to read descriptor from node connection: A device attached to the system is not functioning. (0x1F)
Jan 06, 2023 18:47:34.53 [10124:5280:0106/184734.052:ERROR:device_event_log_impl.cc(215)] [18:47:34.052] USB: usb_device_handle_win.cc:1045 Failed to read descriptor from node connection: A device attached to the system is not functioning. (0x1F)
Jan 06, 2023 18:47:34.334 [10124:13044:0106/184734.334:ERROR:util.cc(133)] Can't create base directory: C:\Program Files\Google\GoogleUpdater
Jan 06, 2023 18:47:34.336 [10124:13044:0106/184734.335:ERROR:util.cc(133)] Can't create base directory: C:\Program Files\Google\GoogleUpdater
Jan 06, 2023 18:48:30.462 [10124:12348:0106/184830.461:ERROR:util.cc(133)] Can't create base directory: C:\Program Files\Google\GoogleUpdater
Jan 06, 2023 18:53:11.730 [10124:1964:0106/185311.729:ERROR:cert_verify_proc_builtin.cc(670)] CertVerifyProcBuiltin for api.lunamedia.io failed:
Jan 06, 2023 18:53:11.730 ----- Certificate i=0 (CN=*.lunamedia.io) -----
Jan 06, 2023 18:53:11.731 ERROR: Time is after notAfter
Jan 06, 2023 18:53:11.733 
Jan 06, 2023 18:53:11.734 

Jan 09, 2023 17:48:23.792 NEW SESSION
Jan 09, 2023 17:48:23.792 [5388:11220:0109/174823.789:ERROR:device_event_log_impl.cc(215)] [17:48:23.789] USB: usb_device_handle_win.cc:1045 Failed to read descriptor from node connection: A device attached to the system is not functioning. (0x1F)
Jan 09, 2023 17:48:23.794 [5388:11220:0109/174823.793:ERROR:device_event_log_impl.cc(215)] [17:48:23.792] USB: usb_device_handle_win.cc:1045 Failed to read descriptor from node connection: A device attached to the system is not functioning. (0x1F)
Jan 09, 2023 17:48:24.13 [5388:6488:0109/174824.012:ERROR:util.cc(133)] Can't create base directory: C:\Program Files\Google\GoogleUpdater
Jan 09, 2023 17:48:24.17 [5388:6488:0109/174824.016:ERROR:util.cc(133)] Can't create base directory: C:\Program Files\Google\GoogleUpdater
Jan 09, 2023 17:49:20.459 [5388:12284:0109/174920.458:ERROR:util.cc(133)] Can't create base directory: C:\Program Files\Google\GoogleUpdater
Jan 09, 2023 18:22:24.874 [5388:11220:0109/182224.873:ERROR:sharing_service.cc(252)] Device un-registration failed with fatal error
Jan 09, 2023 18:52:41.314 [libprotobuf ERROR ..\..\third_party\protobuf\src\google\protobuf\message_lite.cc:133] Can't parse message of type "safe_browsing.ClientDownloadRequest" because it is missing required fields: (cannot determine missing fields for lite message)
Jan 09, 2023 18:53:43.840 [libprotobuf ERROR ..\..\third_party\protobuf\src\google\protobuf\message_lite.cc:133] Can't parse message of type "safe_browsing.ClientDownloadRequest" because it is missing required fields: (cannot determine missing fields for lite message)

Jan 09, 2023 20:36:07.953 NEW SESSION
Jan 09, 2023 20:36:07.953 [9412:2552:0109/203607.949:ERROR:device_event_log_impl.cc(215)] [20:36:07.949] USB: usb_device_handle_win.cc:1045 Failed to read descriptor from node connection: A device attached to the system is not functioning. (0x1F)
Jan 09, 2023 20:36:07.956 [9412:2552:0109/203607.954:ERROR:device_event_log_impl.cc(215)] [20:36:07.953] USB: usb_device_handle_win.cc:1045 Failed to read descriptor from node connection: A device attached to the system is not functioning. (0x1F)
Jan 09, 2023 20:36:08.250 [9412:10032:0109/203608.249:ERROR:util.cc(133)] Can't create base directory: C:\Program Files\Google\GoogleUpdater
Jan 09, 2023 20:36:08.251 [9412:10032:0109/203608.250:ERROR:util.cc(133)] Can't create base directory: C:\Program Files\Google\GoogleUpdater
Jan 09, 2023 20:37:04.376 [9412:2316:0109/203704.375:ERROR:util.cc(133)] Can't create base directory: C:\Program Files\Google\GoogleUpdater
Jan 09, 2023 20:47:51.680 [6812:5792:0109/204751.679:ERROR:device_event_log_impl.cc(215)] [20:47:51.679] USB: usb_device_handle_win.cc:1045 Failed to read descriptor from node connection: A device attached to the system is not functioning. (0x1F)
Jan 09, 2023 20:47:51.683 [6812:5792:0109/204751.682:ERROR:device_event_log_impl.cc(215)] [20:47:51.682] USB: usb_device_handle_win.cc:1045 Failed to read descriptor from node connection: A device attached to the system is not functioning. (0x1F)
Jan 09, 2023 20:47:51.777 [6812:9620:0109/204751.776:ERROR:util.cc(133)] Can't create base directory: C:\Program Files\Google\GoogleUpdater
Jan 09, 2023 20:47:51.780 [6812:9620:0109/204751.779:ERROR:util.cc(133)] Can't create base directory: C:\Program Files\Google\GoogleUpdater
Jan 09, 2023 20:48:48.940 [6812:9620:0109/204848.939:ERROR:util.cc(133)] Can't create base directory: C:\Program Files\Google\GoogleUpdater
